<html>
<head>
<title>TestNG:  Surefire test</title>
<link href="../testng.css" rel="stylesheet" type="text/css" />
<link href="../my-testng.css" rel="stylesheet" type="text/css" />

<style type="text/css">
.log { display: none;} 
.stack-trace { display: none;} 
</style>
<script type="text/javascript">
<!--
function flip(e) {
  current = e.style.display;
  if (current == 'block') {
    e.style.display = 'none';
    return 0;
  }
  else {
    e.style.display = 'block';
    return 1;
  }
}

function toggleBox(szDivId, elem, msg1, msg2)
{
  var res = -1;  if (document.getElementById) {
    res = flip(document.getElementById(szDivId));
  }
  else if (document.all) {
    // this is the way old msie versions work
    res = flip(document.all[szDivId]);
  }
  if(elem) {
    if(res == 0) elem.innerHTML = msg1; else elem.innerHTML = msg2;
  }

}

function toggleAllBoxes() {
  if (document.getElementsByTagName) {
    d = document.getElementsByTagName('div');
    for (i = 0; i < d.length; i++) {
      if (d[i].className == 'log') {
        flip(d[i]);
      }
    }
  }
}

// -->
</script>

</head>
<body>
<h2 align='center'>Surefire test</h2><table border='1' align="center">
<tr>
<td>Tests passed/Failed/Skipped:</td><td>12/3/0</td>
</tr><tr>
<td>Started on:</td><td>Fri Oct 07 16:41:55 EET 2022</td>
</tr>
<tr><td>Total time:</td><td>189 seconds (189638 ms)</td>
</tr><tr>
<td>Included groups:</td><td></td>
</tr><tr>
<td>Excluded groups:</td><td></td>
</tr>
</table><p/>
<small><i>(Hover the method name to see the test class name)</i></small><p/>
<table width='100%' border='1' class='invocation-failed'>
<tr><td colspan='4' align='center'><b>FAILED TESTS</b></td></tr>
<tr><td><b>Test method</b></td>
<td width="30%"><b>Exception</b></td>
<td width="10%"><b>Time (seconds)</b></td>
<td><b>Instance</b></td>
</tr>
<tr>
<td title='org.example.testRunner.Runners.runScenario()'><b>runScenario</b><br>Test class: org.example.testRunner.Runners<br>Test method: Runs Cucumber Scenarios<br>Parameters: "user opens rss link", "Follow Us on social media"</td>
<td><div><pre>java.lang.IndexOutOfBoundsException: Index: 1, Size: 1
	at java.util.ArrayList.rangeCheck(ArrayList.java:659)
	at java.util.ArrayList.get(ArrayList.java:435)
	at org.example.stepDefs.D07_followUsStepDef.Click_Rss(D07_followUsStepDef.java:39)
	at ?.user clicks on Rss icon(file:///D:/Testig/Ecommerce/src/main/resources/Features/F07_followUs.feature:12)
</pre></div><a href='#' onClick='toggleBox("stack-trace495984416", this, "Click to show all stack frames", "Click to hide stack frames")'>Click to show all stack frames</a>
<div class='stack-trace' id='stack-trace495984416'><pre>java.lang.IndexOutOfBoundsException: Index: 1, Size: 1
	at java.util.ArrayList.rangeCheck(ArrayList.java:659)
	at java.util.ArrayList.get(ArrayList.java:435)
	at org.example.stepDefs.D07_followUsStepDef.Click_Rss(D07_followUsStepDef.java:39)
	at ?.user clicks on Rss icon(file:///D:/Testig/Ecommerce/src/main/resources/Features/F07_followUs.feature:12)
</pre></div></td>
<td>9</td>
<td>org.example.testRunner.Runners@6b57696f</td></tr>
<tr>
<td title='org.example.testRunner.Runners.runScenario()'><b>runScenario</b><br>Test class: org.example.testRunner.Runners<br>Test method: Runs Cucumber Scenarios<br>Parameters: "First slide is clickable on homepage", "Home sliders Feature"</td>
<td><div><pre>java.lang.AssertionError: expected [https://demo.nopcommerce.com/nokia-lumia-1020] but found [https://demo.nopcommerce.com/]
	at org.example.stepDefs.D06_homeSlidersStepDef.Check_url(D06_homeSlidersStepDef.java:25)
	at ?.check wether the url is changed to &quot;https://demo.nopcommerce.com/nokia-lumia-1020&quot;(file:///D:/Testig/Ecommerce/src/main/resources/Features/F06_homeSliders.feature:5)
... Removed 6 stack frames</pre></div><a href='#' onClick='toggleBox("stack-trace1771190979", this, "Click to show all stack frames", "Click to hide stack frames")'>Click to show all stack frames</a>
<div class='stack-trace' id='stack-trace1771190979'><pre>java.lang.AssertionError: expected [https://demo.nopcommerce.com/nokia-lumia-1020] but found [https://demo.nopcommerce.com/]
	at org.testng.Assert.fail(Assert.java:110)
	at org.testng.Assert.failNotEquals(Assert.java:1413)
	at org.testng.Assert.assertEqualsImpl(Assert.java:149)
	at org.testng.Assert.assertEquals(Assert.java:131)
	at org.testng.Assert.assertEquals(Assert.java:655)
	at org.testng.Assert.assertEquals(Assert.java:665)
	at org.example.stepDefs.D06_homeSlidersStepDef.Check_url(D06_homeSlidersStepDef.java:25)
	at ?.check wether the url is changed to &quot;https://demo.nopcommerce.com/nokia-lumia-1020&quot;(file:///D:/Testig/Ecommerce/src/main/resources/Features/F06_homeSliders.feature:5)
</pre></div></td>
<td>12</td>
<td>org.example.testRunner.Runners@6b57696f</td></tr>
<tr>
<td title='org.example.testRunner.Runners.runScenario()'><b>runScenario</b><br>Test class: org.example.testRunner.Runners<br>Test method: Runs Cucumber Scenarios<br>Parameters: "Second slide is clickable on homepage", "Home sliders Feature"</td>
<td><div><pre>java.lang.AssertionError: expected [https://demo.nopcommerce.com/iphone-6] but found [https://demo.nopcommerce.com/]
	at org.example.stepDefs.D06_homeSlidersStepDef.Check_url(D06_homeSlidersStepDef.java:25)
	at ?.check wether the url is changed to &quot;https://demo.nopcommerce.com/iphone-6&quot;(file:///D:/Testig/Ecommerce/src/main/resources/Features/F06_homeSliders.feature:11)
... Removed 6 stack frames</pre></div><a href='#' onClick='toggleBox("stack-trace1409712092", this, "Click to show all stack frames", "Click to hide stack frames")'>Click to show all stack frames</a>
<div class='stack-trace' id='stack-trace1409712092'><pre>java.lang.AssertionError: expected [https://demo.nopcommerce.com/iphone-6] but found [https://demo.nopcommerce.com/]
	at org.testng.Assert.fail(Assert.java:110)
	at org.testng.Assert.failNotEquals(Assert.java:1413)
	at org.testng.Assert.assertEqualsImpl(Assert.java:149)
	at org.testng.Assert.assertEquals(Assert.java:131)
	at org.testng.Assert.assertEquals(Assert.java:655)
	at org.testng.Assert.assertEquals(Assert.java:665)
	at org.example.stepDefs.D06_homeSlidersStepDef.Check_url(D06_homeSlidersStepDef.java:25)
	at ?.check wether the url is changed to &quot;https://demo.nopcommerce.com/iphone-6&quot;(file:///D:/Testig/Ecommerce/src/main/resources/Features/F06_homeSliders.feature:11)
</pre></div></td>
<td>12</td>
<td>org.example.testRunner.Runners@6b57696f</td></tr>
</table><p>
<table width='100%' border='1' class='invocation-passed'>
<tr><td colspan='4' align='center'><b>PASSED TESTS</b></td></tr>
<tr><td><b>Test method</b></td>
<td width="30%"><b>Exception</b></td>
<td width="10%"><b>Time (seconds)</b></td>
<td><b>Instance</b></td>
</tr>
<tr>
<td title='org.example.testRunner.Runners.runScenario()'><b>runScenario</b><br>Test class: org.example.testRunner.Runners<br>Test method: Runs Cucumber Scenarios<br>Parameters: "user opens facebook link", "Follow Us on social media"</td>
<td></td>
<td>13</td>
<td>org.example.testRunner.Runners@6b57696f</td></tr>
<tr>
<td title='org.example.testRunner.Runners.runScenario()'><b>runScenario</b><br>Test class: org.example.testRunner.Runners<br>Test method: Runs Cucumber Scenarios<br>Parameters: "user couldnot login with invalid email and password", "F02_Login | users could use login functionality to use their accounts"</td>
<td></td>
<td>9</td>
<td>org.example.testRunner.Runners@6b57696f</td></tr>
<tr>
<td title='org.example.testRunner.Runners.runScenario()'><b>runScenario</b><br>Test class: org.example.testRunner.Runners<br>Test method: Runs Cucumber Scenarios<br>Parameters: "Check the wishlist items count", "WishList"</td>
<td></td>
<td>15</td>
<td>org.example.testRunner.Runners@6b57696f</td></tr>
<tr>
<td title='org.example.testRunner.Runners.runScenario()'><b>runScenario</b><br>Test class: org.example.testRunner.Runners<br>Test method: Runs Cucumber Scenarios<br>Parameters: "user could login with valid email and password", "F02_Login | users could use login functionality to use their accounts"</td>
<td></td>
<td>10</td>
<td>org.example.testRunner.Runners@6b57696f</td></tr>
<tr>
<td title='org.example.testRunner.Runners.runScenario()'><b>runScenario</b><br>Test class: org.example.testRunner.Runners<br>Test method: Runs Cucumber Scenarios<br>Parameters: "user opens twitter link", "Follow Us on social media"</td>
<td></td>
<td>13</td>
<td>org.example.testRunner.Runners@6b57696f</td></tr>
<tr>
<td title='org.example.testRunner.Runners.runScenario()'><b>runScenario</b><br>Test class: org.example.testRunner.Runners<br>Test method: Runs Cucumber Scenarios<br>Parameters: "guest user register with valid data successfully", "f01_regfeature | user could register with new accounts"</td>
<td></td>
<td>18</td>
<td>org.example.testRunner.Runners@6b57696f</td></tr>
<tr>
<td title='org.example.testRunner.Runners.runScenario()'><b>runScenario</b><br>Test class: org.example.testRunner.Runners<br>Test method: Runs Cucumber Scenarios<br>Parameters: "user search fo product 2", "Search feature"</td>
<td></td>
<td>11</td>
<td>org.example.testRunner.Runners@6b57696f</td></tr>
<tr>
<td title='org.example.testRunner.Runners.runScenario()'><b>runScenario</b><br>Test class: org.example.testRunner.Runners<br>Test method: Runs Cucumber Scenarios<br>Parameters: "User hover to a Category and choose random sub category", "Hover categories Feature"</td>
<td></td>
<td>13</td>
<td>org.example.testRunner.Runners@6b57696f</td></tr>
<tr>
<td title='org.example.testRunner.Runners.runScenario()'><b>runScenario</b><br>Test class: org.example.testRunner.Runners<br>Test method: Runs Cucumber Scenarios<br>Parameters: "user chooses Euro currency then check product prices", "user checks the currency of products"</td>
<td></td>
<td>12</td>
<td>org.example.testRunner.Runners@6b57696f</td></tr>
<tr>
<td title='org.example.testRunner.Runners.runScenario()'><b>runScenario</b><br>Test class: org.example.testRunner.Runners<br>Test method: Runs Cucumber Scenarios<br>Parameters: "user opens youtube link", "Follow Us on social media"</td>
<td></td>
<td>17</td>
<td>org.example.testRunner.Runners@6b57696f</td></tr>
<tr>
<td title='org.example.testRunner.Runners.runScenario()'><b>runScenario</b><br>Test class: org.example.testRunner.Runners<br>Test method: Runs Cucumber Scenarios<br>Parameters: "user clicks on wishlist btn of HTC One M8 Android L 5.0 Lollipop", "WishList"</td>
<td></td>
<td>10</td>
<td>org.example.testRunner.Runners@6b57696f</td></tr>
<tr>
<td title='org.example.testRunner.Runners.runScenario()'><b>runScenario</b><br>Test class: org.example.testRunner.Runners<br>Test method: Runs Cucumber Scenarios<br>Parameters: "user searches for products", "Search feature"</td>
<td></td>
<td>8</td>
<td>org.example.testRunner.Runners@6b57696f</td></tr>
</table><p>
</body>
</html>